<?xml version="1.0" encoding="UTF-8"?>
<testng-results ignored="0" total="4" passed="4" failed="0" skipped="0">
  <reporter-output>
  </reporter-output>
  <suite started-at="2024-08-12T13:18:28 IST" name="PetSuite" finished-at="2024-08-12T13:18:37 IST" duration-ms="8734">
    <groups>
    </groups>
    <test started-at="2024-08-12T13:18:28 IST" name="PetTests" finished-at="2024-08-12T13:18:37 IST" duration-ms="8734">
      <class name="api.test.UserTestCases2">
        <test-method is-config="true" signature="setUpData()[pri:0, instance:api.test.UserTestCases2@431cd9b2]" started-at="2024-08-12T13:18:28 IST" name="setUpData" finished-at="2024-08-12T13:18:29 IST" duration-ms="914" status="PASS">
          <reporter-output>
          </reporter-output>
        </test-method> <!-- setUpData -->
        <test-method signature="testPostUser()[pri:1, instance:api.test.UserTestCases2@431cd9b2]" started-at="2024-08-12T13:18:29 IST" name="testPostUser" finished-at="2024-08-12T13:18:32 IST" duration-ms="3202" status="PASS">
          <reporter-output>
          </reporter-output>
        </test-method> <!-- testPostUser -->
        <test-method signature="testGetUserByName()[pri:2, instance:api.test.UserTestCases2@431cd9b2]" started-at="2024-08-12T13:18:32 IST" name="testGetUserByName" finished-at="2024-08-12T13:18:34 IST" duration-ms="1112" status="PASS">
          <reporter-output>
          </reporter-output>
        </test-method> <!-- testGetUserByName -->
        <test-method signature="testUpdateUserByName()[pri:3, instance:api.test.UserTestCases2@431cd9b2]" started-at="2024-08-12T13:18:34 IST" name="testUpdateUserByName" finished-at="2024-08-12T13:18:36 IST" duration-ms="2177" status="PASS">
          <reporter-output>
          </reporter-output>
        </test-method> <!-- testUpdateUserByName -->
        <test-method signature="testDeleteUserByName()[pri:4, instance:api.test.UserTestCases2@431cd9b2]" started-at="2024-08-12T13:18:36 IST" name="testDeleteUserByName" finished-at="2024-08-12T13:18:37 IST" duration-ms="1086" status="PASS">
          <reporter-output>
          </reporter-output>
        </test-method> <!-- testDeleteUserByName -->
      </class> <!-- api.test.UserTestCases2 -->
    </test> <!-- PetTests -->
  </suite> <!-- PetSuite -->
</testng-results>
